[debug] [2023-10-25T13:54:23.981Z] ----------------------------------------------------------------------
[debug] [2023-10-25T13:54:23.990Z] Command:       C:\Program Files\nodejs\node.exe C:\Users\Deepanshu\AppData\Roaming\npm\node_modules\firebase-tools\lib\bin\firebase.js init
[debug] [2023-10-25T13:54:23.991Z] CLI Version:   12.7.0
[debug] [2023-10-25T13:54:23.993Z] Platform:      win32
[debug] [2023-10-25T13:54:23.993Z] Node Version:  v18.17.1
[debug] [2023-10-25T13:54:24.112Z] Time:          Wed Oct 25 2023 19:24:23 GMT+0530 (India Standard Time)
[debug] [2023-10-25T13:54:24.113Z] ----------------------------------------------------------------------
[debug] 
[debug] [2023-10-25T13:54:24.138Z] >>> [apiv2][query] GET https://firebase-public.firebaseio.com/cli.json [none]
[debug] [2023-10-25T13:54:24.869Z] > command requires scopes: ["email","openid","https://www.googleapis.com/auth/cloudplatformprojects.readonly","https://www.googleapis.com/auth/firebase","https://www.googleapis.com/auth/cloud-platform"]
[debug] [2023-10-25T13:54:24.869Z] > authorizing via signed-in user (dy775829@gmail.com)
[info] 
     ######## #### ########  ######## ########     ###     ######  ########
     ##        ##  ##     ## ##       ##     ##  ##   ##  ##       ##
     ######    ##  ########  ######   ########  #########  ######  ######
     ##        ##  ##    ##  ##       ##     ## ##     ##       ## ##
     ##       #### ##     ## ######## ########  ##     ##  ######  ########

You're about to initialize a Firebase project in this directory:

  C:\Users\Deepanshu\Desktop\taxi

Before we get started, keep in mind:

  * You are initializing within an existing Firebase project directory

[debug] [2023-10-25T13:54:29.037Z] <<< [apiv2][status] GET https://firebase-public.firebaseio.com/cli.json 200
[debug] [2023-10-25T13:54:29.038Z] <<< [apiv2][body] GET https://firebase-public.firebaseio.com/cli.json {"cloudBuildErrorAfter":1594252800000,"cloudBuildWarnAfter":1590019200000,"defaultNode10After":1594252800000,"minVersion":"3.0.5","node8DeploysDisabledAfter":1613390400000,"node8RuntimeDisabledAfter":1615809600000,"node8WarnAfter":1600128000000}
